#
# A fatal error has been detected by the Java Runtime Environment:
#
#  Internal Error (loopnode.hpp:903), pid=26909, tid=39939
#  Error: guarantee(d->_idx < _idom_size) failed
#
# JRE version: Java(TM) SE Runtime Environment (11.0.3+12) (build 11.0.3+12-LTS)
# Java VM: Java HotSpot(TM) 64-Bit Server VM (11.0.3+12-LTS, mixed mode, tiered, compressed oops, g1 gc, bsd-amd64)
# No core dump will be written. Core dumps have been disabled. To enable core dumping, try "ulimit -c unlimited" before starting Java again
#
# If you would like to submit a bug report, please visit:
#   http://bugreport.java.com/bugreport/crash.jsp
#

---------------  S U M M A R Y ------------

Command Line: -Dmaven.multiModuleProjectDirectory=/Users/mathiazhagansampath/Downloads/spring-boot-app -Dmaven.home=/Applications/IntelliJ IDEA CE.app/Contents/plugins/maven/lib/maven3 -Dclassworlds.conf=/Applications/IntelliJ IDEA CE.app/Contents/plugins/maven/lib/maven3/bin/m2.conf -javaagent:/Applications/IntelliJ IDEA CE.app/Contents/lib/idea_rt.jar=60846:/Applications/IntelliJ IDEA CE.app/Contents/bin -Dfile.encoding=UTF-8 org.codehaus.classworlds.Launcher -Didea.version2019.1.3 clean install -DskipTests

Host: MacBookPro13,1 x86_64 2000 MHz, 4 cores, 8G, Darwin 19.6.0
Time: Sat Jul 10 19:45:57 2021 IST elapsed time: 3 seconds (0d 0h 0m 3s)

---------------  T H R E A D  ---------------

Current thread (0x00007fe2bf93f800):  JavaThread "C2 CompilerThread1" daemon [_thread_in_native, id=39939, stack(0x000070000c48c000,0x000070000c58c000)]


Current CompileTask:
C2:   3957 2599       4       org.eclipse.sisu.plexus.RealmFilteredBeans$FilteredItr::hasNext (81 bytes)

Stack: [0x000070000c48c000,0x000070000c58c000],  sp=0x000070000c587cd0,  free space=1007k
Native frames: (J=compiled Java code, A=aot compiled Java code, j=interpreted, Vv=VM code, C=native code)
V  [libjvm.dylib+0x7400e5]  VMError::report_and_die(int, char const*, char const*, __va_list_tag*, Thread*, unsigned char*, void*, void*, char const*, int, unsigned long)+0x5d1
V  [libjvm.dylib+0x740771]  VMError::report_and_die(Thread*, void*, char const*, int, char const*, char const*, __va_list_tag*)+0x47
V  [libjvm.dylib+0x26543f]  report_vm_error(char const*, int, char const*, char const*, ...)+0xa9
V  [libjvm.dylib+0x507f5b]  PhaseIdealLoop::dom_depth(Node*) const+0x8b
V  [libjvm.dylib+0x518e54]  PhaseIdealLoop::get_early_ctrl(Node*)+0x94
V  [libjvm.dylib+0x519189]  PhaseIdealLoop::set_early_ctrl(Node*)+0x15
V  [libjvm.dylib+0x520080]  PhaseIdealLoop::build_loop_early(VectorSet&, Node_List&, Node_Stack&)+0x2be
V  [libjvm.dylib+0x51f4d1]  PhaseIdealLoop::build_and_optimize(bool, bool, bool)+0x52d
V  [libjvm.dylib+0x221670]  Compile::Optimize()+0x576
V  [libjvm.dylib+0x2203f5]  Compile::Compile(ciEnv*, C2Compiler*, ciMethod*, int, bool, bool, bool, DirectiveSet*)+0x853
V  [libjvm.dylib+0x19ed0b]  C2Compiler::compile_method(ciEnv*, ciMethod*, int, DirectiveSet*)+0xad
V  [libjvm.dylib+0x22c900]  CompileBroker::invoke_compiler_on_method(CompileTask*)+0x578
V  [libjvm.dylib+0x22c217]  CompileBroker::compiler_thread_loop()+0x1ab
V  [libjvm.dylib+0x6eebc6]  JavaThread::thread_main_inner()+0x82
V  [libjvm.dylib+0x6eea11]  JavaThread::run()+0x1ab
V  [libjvm.dylib+0x5f1bbf]  thread_native_entry(Thread*)+0x135
C  [libsystem_pthread.dylib+0x6109]  _pthread_start+0x94
C  [libsystem_pthread.dylib+0x1b8b]  thread_start+0xf


---------------  P R O C E S S  ---------------

Threads class SMR info:
_java_thread_list=0x00007fe2bec3b040, length=12, elements={
0x00007fe2c0013000, 0x00007fe2c107d000, 0x00007fe2bf00f000, 0x00007fe2c005d800,
0x00007fe2c0060800, 0x00007fe2bf01c800, 0x00007fe2c1082000, 0x00007fe2c10cf800,
0x00007fe2bf09d000, 0x00007fe2c0020800, 0x00007fe2c0218000, 0x00007fe2bf93f800
}

Java Threads: ( => current thread )
  0x00007fe2c0013000 JavaThread "main" [_thread_in_Java, id=10499, stack(0x000070000ae47000,0x000070000af47000)]
  0x00007fe2c107d000 JavaThread "Reference Handler" daemon [_thread_blocked, id=12547, stack(0x000070000b55c000,0x000070000b65c000)]
  0x00007fe2bf00f000 JavaThread "Finalizer" daemon [_thread_blocked, id=18179, stack(0x000070000b65f000,0x000070000b75f000)]
  0x00007fe2c005d800 JavaThread "Signal Dispatcher" daemon [_thread_blocked, id=16131, stack(0x000070000b868000,0x000070000b968000)]
  0x00007fe2c0060800 JavaThread "C2 CompilerThread0" daemon [_thread_in_native, id=14851, stack(0x000070000b96b000,0x000070000ba6b000)]
  0x00007fe2bf01c800 JavaThread "C1 CompilerThread0" daemon [_thread_blocked, id=15363, stack(0x000070000ba6e000,0x000070000bb6e000)]
  0x00007fe2c1082000 JavaThread "Sweeper thread" daemon [_thread_blocked, id=43267, stack(0x000070000bb71000,0x000070000bc71000)]
  0x00007fe2c10cf800 JavaThread "Common-Cleaner" daemon [_thread_blocked, id=22275, stack(0x000070000bc74000,0x000070000bd74000)]
  0x00007fe2bf09d000 JavaThread "Monitor Ctrl-Break" daemon [_thread_in_native, id=22787, stack(0x000070000bd77000,0x000070000be77000)]
  0x00007fe2c0020800 JavaThread "Service Thread" daemon [_thread_blocked, id=23043, stack(0x000070000be7a000,0x000070000bf7a000)]
  0x00007fe2c0218000 JavaThread "Attach Listener" daemon [_thread_blocked, id=41731, stack(0x000070000c080000,0x000070000c180000)]
=>0x00007fe2bf93f800 JavaThread "C2 CompilerThread1" daemon [_thread_in_native, id=39939, stack(0x000070000c48c000,0x000070000c58c000)]

Other Threads:
  0x00007fe2c1077000 VMThread "VM Thread" [stack: 0x000070000b459000,0x000070000b559000] [id=12291]
  0x00007fe2c013c000 WatcherThread [stack: 0x000070000bf7d000,0x000070000c07d000] [id=23555]
  0x00007fe2c000d800 GCTaskThread "GC Thread#0" [stack: 0x000070000af4a000,0x000070000b04a000] [id=11011]
  0x00007fe2bf1ec800 GCTaskThread "GC Thread#1" [stack: 0x000070000c183000,0x000070000c283000] [id=41475]
  0x00007fe2bf1bf800 GCTaskThread "GC Thread#2" [stack: 0x000070000c286000,0x000070000c386000] [id=41219]
  0x00007fe2c1029000 ConcurrentGCThread "G1 Main Marker" [stack: 0x000070000b04d000,0x000070000b14d000] [id=20483]
  0x00007fe2c102a000 ConcurrentGCThread "G1 Conc#0" [stack: 0x000070000b150000,0x000070000b250000] [id=19715]
  0x00007fe2c106a800 ConcurrentGCThread "G1 Refine#0" [stack: 0x000070000b253000,0x000070000b353000] [id=19459]
  0x00007fe2c036d800 ConcurrentGCThread "G1 Refine#1" [stack: 0x000070000c389000,0x000070000c489000] [id=40707]
  0x00007fe2c000e000 ConcurrentGCThread "G1 Young RemSet Sampling" [stack: 0x000070000b356000,0x000070000b456000] [id=19203]

Threads with active compile tasks:
C2 CompilerThread02597       4       org.eclipse.sisu.inject.LocatedBeans$Itr::hasNext (161 bytes)
C2 CompilerThread12599       4       org.eclipse.sisu.plexus.RealmFilteredBeans$FilteredItr::hasNext (81 bytes)

VM state:not at safepoint (normal execution)

VM Mutex/Monitor currently owned by a thread: None

Heap address: 0x0000000780000000, size: 2048 MB, Compressed Oops mode: Zero based, Oop shift amount: 3
Narrow klass base: 0x0000000800000000, Narrow klass shift: 0
Compressed class space size: 1073741824 Address: 0x0000000800000000

Heap:
 garbage-first heap   total 131072K, used 24581K [0x0000000780000000, 0x0000000800000000)
  region size 1024K, 15 young (15360K), 3 survivors (3072K)
 Metaspace       used 20909K, capacity 21210K, committed 21552K, reserved 1069056K
  class space    used 2227K, capacity 2326K, committed 2432K, reserved 1048576K
Heap Regions: E=young(eden), S=young(survivor), O=old, HS=humongous(starts), HC=humongous(continues), CS=collection set, F=free, A=archive, TAMS=top-at-mark-start (previous, next)
|   0|0x0000000780000000, 0x0000000780100000, 0x0000000780100000|100%| O|  |TAMS 0x0000000780100000, 0x0000000780000000| Untracked 
|   1|0x0000000780100000, 0x0000000780200000, 0x0000000780200000|100%| O|  |TAMS 0x0000000780200000, 0x0000000780100000| Untracked 
|   2|0x0000000780200000, 0x0000000780300000, 0x0000000780300000|100%| O|  |TAMS 0x0000000780300000, 0x0000000780200000| Untracked 
|   3|0x0000000780300000, 0x0000000780400000, 0x0000000780400000|100%| O|  |TAMS 0x0000000780400000, 0x0000000780300000| Untracked 
|   4|0x0000000780400000, 0x0000000780500000, 0x0000000780500000|100%| O|  |TAMS 0x0000000780500000, 0x0000000780400000| Untracked 
|   5|0x0000000780500000, 0x0000000780600000, 0x0000000780600000|100%| O|  |TAMS 0x0000000780600000, 0x0000000780500000| Untracked 
|   6|0x0000000780600000, 0x0000000780700000, 0x0000000780700000|100%| O|  |TAMS 0x0000000780700000, 0x0000000780600000| Untracked 
|   7|0x0000000780700000, 0x0000000780800000, 0x0000000780800000|100%| O|  |TAMS 0x0000000780800000, 0x0000000780700000| Untracked 
|   8|0x0000000780800000, 0x0000000780900000, 0x0000000780900000|100%| O|  |TAMS 0x0000000780900000, 0x0000000780800000| Untracked 
|   9|0x0000000780900000, 0x0000000780a00000, 0x0000000780a00000|100%| O|  |TAMS 0x0000000780a00000, 0x0000000780900000| Untracked 
|  10|0x0000000780a00000, 0x0000000780a42800, 0x0000000780b00000| 25%| O|  |TAMS 0x0000000780a42800, 0x0000000780a00000| Untracked 
|  11|0x0000000780b00000, 0x0000000780b00000, 0x0000000780c00000|  0%| F|  |TAMS 0x0000000780b00000, 0x0000000780b00000| Untracked 
|  12|0x0000000780c00000, 0x0000000780c00000, 0x0000000780d00000|  0%| F|  |TAMS 0x0000000780c00000, 0x0000000780c00000| Untracked 
|  13|0x0000000780d00000, 0x0000000780d00000, 0x0000000780e00000|  0%| F|  |TAMS 0x0000000780d00000, 0x0000000780d00000| Untracked 
|  14|0x0000000780e00000, 0x0000000780e00000, 0x0000000780f00000|  0%| F|  |TAMS 0x0000000780e00000, 0x0000000780e00000| Untracked 
|  15|0x0000000780f00000, 0x0000000780f00000, 0x0000000781000000|  0%| F|  |TAMS 0x0000000780f00000, 0x0000000780f00000| Untracked 
|  16|0x0000000781000000, 0x0000000781000000, 0x0000000781100000|  0%| F|  |TAMS 0x0000000781000000, 0x0000000781000000| Untracked 
|  17|0x0000000781100000, 0x0000000781100000, 0x0000000781200000|  0%| F|  |TAMS 0x0000000781100000, 0x0000000781100000| Untracked 
|  18|0x0000000781200000, 0x0000000781200000, 0x0000000781300000|  0%| F|  |TAMS 0x0000000781200000, 0x0000000781200000| Untracked 
|  19|0x0000000781300000, 0x0000000781300000, 0x0000000781400000|  0%| F|  |TAMS 0x0000000781300000, 0x0000000781300000| Untracked 
|  20|0x0000000781400000, 0x0000000781400000, 0x0000000781500000|  0%| F|  |TAMS 0x0000000781400000, 0x0000000781400000| Untracked 
|  21|0x0000000781500000, 0x0000000781500000, 0x0000000781600000|  0%| F|  |TAMS 0x0000000781500000, 0x0000000781500000| Untracked 
|  22|0x0000000781600000, 0x0000000781600000, 0x0000000781700000|  0%| F|  |TAMS 0x0000000781600000, 0x0000000781600000| Untracked 
|  23|0x0000000781700000, 0x0000000781700000, 0x0000000781800000|  0%| F|  |TAMS 0x0000000781700000, 0x0000000781700000| Untracked 
|  24|0x0000000781800000, 0x0000000781800000, 0x0000000781900000|  0%| F|  |TAMS 0x0000000781800000, 0x0000000781800000| Untracked 
|  25|0x0000000781900000, 0x0000000781900000, 0x0000000781a00000|  0%| F|  |TAMS 0x0000000781900000, 0x0000000781900000| Untracked 
|  26|0x0000000781a00000, 0x0000000781a00000, 0x0000000781b00000|  0%| F|  |TAMS 0x0000000781a00000, 0x0000000781a00000| Untracked 
|  27|0x0000000781b00000, 0x0000000781b00000, 0x0000000781c00000|  0%| F|  |TAMS 0x0000000781b00000, 0x0000000781b00000| Untracked 
|  28|0x0000000781c00000, 0x0000000781c00000, 0x0000000781d00000|  0%| F|  |TAMS 0x0000000781c00000, 0x0000000781c00000| Untracked 
|  29|0x0000000781d00000, 0x0000000781d00000, 0x0000000781e00000|  0%| F|  |TAMS 0x0000000781d00000, 0x0000000781d00000| Untracked 
|  30|0x0000000781e00000, 0x0000000781e00000, 0x0000000781f00000|  0%| F|  |TAMS 0x0000000781e00000, 0x0000000781e00000| Untracked 
|  31|0x0000000781f00000, 0x0000000781f00000, 0x0000000782000000|  0%| F|  |TAMS 0x0000000781f00000, 0x0000000781f00000| Untracked 
|  32|0x0000000782000000, 0x0000000782000000, 0x0000000782100000|  0%| F|  |TAMS 0x0000000782000000, 0x0000000782000000| Untracked 
|  33|0x0000000782100000, 0x0000000782100000, 0x0000000782200000|  0%| F|  |TAMS 0x0000000782100000, 0x0000000782100000| Untracked 
|  34|0x0000000782200000, 0x0000000782200000, 0x0000000782300000|  0%| F|  |TAMS 0x0000000782200000, 0x0000000782200000| Untracked 
|  35|0x0000000782300000, 0x0000000782300000, 0x0000000782400000|  0%| F|  |TAMS 0x0000000782300000, 0x0000000782300000| Untracked 
|  36|0x0000000782400000, 0x0000000782400000, 0x0000000782500000|  0%| F|  |TAMS 0x0000000782400000, 0x0000000782400000| Untracked 
|  37|0x0000000782500000, 0x0000000782500000, 0x0000000782600000|  0%| F|  |TAMS 0x0000000782500000, 0x0000000782500000| Untracked 
|  38|0x0000000782600000, 0x0000000782600000, 0x0000000782700000|  0%| F|  |TAMS 0x0000000782600000, 0x0000000782600000| Untracked 
|  39|0x0000000782700000, 0x0000000782700000, 0x0000000782800000|  0%| F|  |TAMS 0x0000000782700000, 0x0000000782700000| Untracked 
|  40|0x0000000782800000, 0x0000000782800000, 0x0000000782900000|  0%| F|  |TAMS 0x0000000782800000, 0x0000000782800000| Untracked 
|  41|0x0000000782900000, 0x0000000782900000, 0x0000000782a00000|  0%| F|  |TAMS 0x0000000782900000, 0x0000000782900000| Untracked 
|  42|0x0000000782a00000, 0x0000000782a00000, 0x0000000782b00000|  0%| F|  |TAMS 0x0000000782a00000, 0x0000000782a00000| Untracked 
|  43|0x0000000782b00000, 0x0000000782b00000, 0x0000000782c00000|  0%| F|  |TAMS 0x0000000782b00000, 0x0000000782b00000| Untracked 
|  44|0x0000000782c00000, 0x0000000782c00000, 0x0000000782d00000|  0%| F|  |TAMS 0x0000000782c00000, 0x0000000782c00000| Untracked 
|  45|0x0000000782d00000, 0x0000000782d00000, 0x0000000782e00000|  0%| F|  |TAMS 0x0000000782d00000, 0x0000000782d00000| Untracked 
|  46|0x0000000782e00000, 0x0000000782e00000, 0x0000000782f00000|  0%| F|  |TAMS 0x0000000782e00000, 0x0000000782e00000| Untracked 
|  47|0x0000000782f00000, 0x0000000782f00000, 0x0000000783000000|  0%| F|  |TAMS 0x0000000782f00000, 0x0000000782f00000| Untracked 
|  48|0x0000000783000000, 0x0000000783000000, 0x0000000783100000|  0%| F|  |TAMS 0x0000000783000000, 0x0000000783000000| Untracked 
|  49|0x0000000783100000, 0x0000000783100000, 0x0000000783200000|  0%| F|  |TAMS 0x0000000783100000, 0x0000000783100000| Untracked 
|  50|0x0000000783200000, 0x0000000783200000, 0x0000000783300000|  0%| F|  |TAMS 0x0000000783200000, 0x0000000783200000| Untracked 
|  51|0x0000000783300000, 0x0000000783300000, 0x0000000783400000|  0%| F|  |TAMS 0x0000000783300000, 0x0000000783300000| Untracked 
|  52|0x0000000783400000, 0x0000000783400000, 0x0000000783500000|  0%| F|  |TAMS 0x0000000783400000, 0x0000000783400000| Untracked 
|  53|0x0000000783500000, 0x0000000783500000, 0x0000000783600000|  0%| F|  |TAMS 0x0000000783500000, 0x0000000783500000| Untracked 
|  54|0x0000000783600000, 0x0000000783600000, 0x0000000783700000|  0%| F|  |TAMS 0x0000000783600000, 0x0000000783600000| Untracked 
|  55|0x0000000783700000, 0x0000000783700000, 0x0000000783800000|  0%| F|  |TAMS 0x0000000783700000, 0x0000000783700000| Untracked 
|  56|0x0000000783800000, 0x0000000783800000, 0x0000000783900000|  0%| F|  |TAMS 0x0000000783800000, 0x0000000783800000| Untracked 
|  57|0x0000000783900000, 0x0000000783900000, 0x0000000783a00000|  0%| F|  |TAMS 0x0000000783900000, 0x0000000783900000| Untracked 
|  58|0x0000000783a00000, 0x0000000783a00000, 0x0000000783b00000|  0%| F|  |TAMS 0x0000000783a00000, 0x0000000783a00000| Untracked 
|  59|0x0000000783b00000, 0x0000000783b00000, 0x0000000783c00000|  0%| F|  |TAMS 0x0000000783b00000, 0x0000000783b00000| Untracked 
|  60|0x0000000783c00000, 0x0000000783c00000, 0x0000000783d00000|  0%| F|  |TAMS 0x0000000783c00000, 0x0000000783c00000| Untracked 
|  61|0x0000000783d00000, 0x0000000783d00000, 0x0000000783e00000|  0%| F|  |TAMS 0x0000000783d00000, 0x0000000783d00000| Untracked 
|  62|0x0000000783e00000, 0x0000000783e00000, 0x0000000783f00000|  0%| F|  |TAMS 0x0000000783e00000, 0x0000000783e00000| Untracked 
|  63|0x0000000783f00000, 0x0000000783f00000, 0x0000000784000000|  0%| F|  |TAMS 0x0000000783f00000, 0x0000000783f00000| Untracked 
|  64|0x0000000784000000, 0x0000000784000000, 0x0000000784100000|  0%| F|  |TAMS 0x0000000784000000, 0x0000000784000000| Untracked 
|  65|0x0000000784100000, 0x0000000784100000, 0x0000000784200000|  0%| F|  |TAMS 0x0000000784100000, 0x0000000784100000| Untracked 
|  66|0x0000000784200000, 0x0000000784200000, 0x0000000784300000|  0%| F|  |TAMS 0x0000000784200000, 0x0000000784200000| Untracked 
|  67|0x0000000784300000, 0x0000000784300000, 0x0000000784400000|  0%| F|  |TAMS 0x0000000784300000, 0x0000000784300000| Untracked 
|  68|0x0000000784400000, 0x0000000784400000, 0x0000000784500000|  0%| F|  |TAMS 0x0000000784400000, 0x0000000784400000| Untracked 
|  69|0x0000000784500000, 0x0000000784500000, 0x0000000784600000|  0%| F|  |TAMS 0x0000000784500000, 0x0000000784500000| Untracked 
|  70|0x0000000784600000, 0x0000000784600000, 0x0000000784700000|  0%| F|  |TAMS 0x0000000784600000, 0x0000000784600000| Untracked 
|  71|0x0000000784700000, 0x0000000784700000, 0x0000000784800000|  0%| F|  |TAMS 0x0000000784700000, 0x0000000784700000| Untracked 
|  72|0x0000000784800000, 0x0000000784800000, 0x0000000784900000|  0%| F|  |TAMS 0x0000000784800000, 0x0000000784800000| Untracked 
|  73|0x0000000784900000, 0x0000000784900000, 0x0000000784a00000|  0%| F|  |TAMS 0x0000000784900000, 0x0000000784900000| Untracked 
|  74|0x0000000784a00000, 0x0000000784a00000, 0x0000000784b00000|  0%| F|  |TAMS 0x0000000784a00000, 0x0000000784a00000| Untracked 
|  75|0x0000000784b00000, 0x0000000784b00000, 0x0000000784c00000|  0%| F|  |TAMS 0x0000000784b00000, 0x0000000784b00000| Untracked 
|  76|0x0000000784c00000, 0x0000000784c00000, 0x0000000784d00000|  0%| F|  |TAMS 0x0000000784c00000, 0x0000000784c00000| Untracked 
|  77|0x0000000784d00000, 0x0000000784d00000, 0x0000000784e00000|  0%| F|  |TAMS 0x0000000784d00000, 0x0000000784d00000| Untracked 
|  78|0x0000000784e00000, 0x0000000784e00000, 0x0000000784f00000|  0%| F|  |TAMS 0x0000000784e00000, 0x0000000784e00000| Untracked 
|  79|0x0000000784f00000, 0x0000000784f00000, 0x0000000785000000|  0%| F|  |TAMS 0x0000000784f00000, 0x0000000784f00000| Untracked 
|  80|0x0000000785000000, 0x0000000785000000, 0x0000000785100000|  0%| F|  |TAMS 0x0000000785000000, 0x0000000785000000| Untracked 
|  81|0x0000000785100000, 0x0000000785100000, 0x0000000785200000|  0%| F|  |TAMS 0x0000000785100000, 0x0000000785100000| Untracked 
|  82|0x0000000785200000, 0x0000000785200000, 0x0000000785300000|  0%| F|  |TAMS 0x0000000785200000, 0x0000000785200000| Untracked 
|  83|0x0000000785300000, 0x0000000785300000, 0x0000000785400000|  0%| F|  |TAMS 0x0000000785300000, 0x0000000785300000| Untracked 
|  84|0x0000000785400000, 0x0000000785400000, 0x0000000785500000|  0%| F|  |TAMS 0x0000000785400000, 0x0000000785400000| Untracked 
|  85|0x0000000785500000, 0x0000000785500000, 0x0000000785600000|  0%| F|  |TAMS 0x0000000785500000, 0x0000000785500000| Untracked 
|  86|0x0000000785600000, 0x0000000785600000, 0x0000000785700000|  0%| F|  |TAMS 0x0000000785600000, 0x0000000785600000| Untracked 
|  87|0x0000000785700000, 0x0000000785700000, 0x0000000785800000|  0%| F|  |TAMS 0x0000000785700000, 0x0000000785700000| Untracked 
|  88|0x0000000785800000, 0x0000000785800000, 0x0000000785900000|  0%| F|  |TAMS 0x0000000785800000, 0x0000000785800000| Untracked 
|  89|0x0000000785900000, 0x0000000785900000, 0x0000000785a00000|  0%| F|  |TAMS 0x0000000785900000, 0x0000000785900000| Untracked 
|  90|0x0000000785a00000, 0x0000000785a00000, 0x0000000785b00000|  0%| F|  |TAMS 0x0000000785a00000, 0x0000000785a00000| Untracked 
|  91|0x0000000785b00000, 0x0000000785b00000, 0x0000000785c00000|  0%| F|  |TAMS 0x0000000785b00000, 0x0000000785b00000| Untracked 
|  92|0x0000000785c00000, 0x0000000785c00000, 0x0000000785d00000|  0%| F|  |TAMS 0x0000000785c00000, 0x0000000785c00000| Untracked 
|  93|0x0000000785d00000, 0x0000000785d00000, 0x0000000785e00000|  0%| F|  |TAMS 0x0000000785d00000, 0x0000000785d00000| Untracked 
|  94|0x0000000785e00000, 0x0000000785e00000, 0x0000000785f00000|  0%| F|  |TAMS 0x0000000785e00000, 0x0000000785e00000| Untracked 
|  95|0x0000000785f00000, 0x0000000785f00000, 0x0000000786000000|  0%| F|  |TAMS 0x0000000785f00000, 0x0000000785f00000| Untracked 
|  96|0x0000000786000000, 0x0000000786000000, 0x0000000786100000|  0%| F|  |TAMS 0x0000000786000000, 0x0000000786000000| Untracked 
|  97|0x0000000786100000, 0x0000000786100000, 0x0000000786200000|  0%| F|  |TAMS 0x0000000786100000, 0x0000000786100000| Untracked 
|  98|0x0000000786200000, 0x0000000786200000, 0x0000000786300000|  0%| F|  |TAMS 0x0000000786200000, 0x0000000786200000| Untracked 
|  99|0x0000000786300000, 0x0000000786300000, 0x0000000786400000|  0%| F|  |TAMS 0x0000000786300000, 0x0000000786300000| Untracked 
| 100|0x0000000786400000, 0x0000000786400000, 0x0000000786500000|  0%| F|  |TAMS 0x0000000786400000, 0x0000000786400000| Untracked 
| 101|0x0000000786500000, 0x0000000786500000, 0x0000000786600000|  0%| F|  |TAMS 0x0000000786500000, 0x0000000786500000| Untracked 
| 102|0x0000000786600000, 0x0000000786600000, 0x0000000786700000|  0%| F|  |TAMS 0x0000000786600000, 0x0000000786600000| Untracked 
| 103|0x0000000786700000, 0x0000000786700000, 0x0000000786800000|  0%| F|  |TAMS 0x0000000786700000, 0x0000000786700000| Untracked 
| 104|0x0000000786800000, 0x0000000786800000, 0x0000000786900000|  0%| F|  |TAMS 0x0000000786800000, 0x0000000786800000| Untracked 
| 105|0x0000000786900000, 0x0000000786900000, 0x0000000786a00000|  0%| F|  |TAMS 0x0000000786900000, 0x0000000786900000| Untracked 
| 106|0x0000000786a00000, 0x0000000786a00000, 0x0000000786b00000|  0%| F|  |TAMS 0x0000000786a00000, 0x0000000786a00000| Untracked 
| 107|0x0000000786b00000, 0x0000000786b00000, 0x0000000786c00000|  0%| F|  |TAMS 0x0000000786b00000, 0x0000000786b00000| Untracked 
| 108|0x0000000786c00000, 0x0000000786c00000, 0x0000000786d00000|  0%| F|  |TAMS 0x0000000786c00000, 0x0000000786c00000| Untracked 
| 109|0x0000000786d00000, 0x0000000786d00000, 0x0000000786e00000|  0%| F|  |TAMS 0x0000000786d00000, 0x0000000786d00000| Untracked 
| 110|0x0000000786e00000, 0x0000000786e00000, 0x0000000786f00000|  0%| F|  |TAMS 0x0000000786e00000, 0x0000000786e00000| Untracked 
| 111|0x0000000786f00000, 0x0000000786f00000, 0x0000000787000000|  0%| F|  |TAMS 0x0000000786f00000, 0x0000000786f00000| Untracked 
| 112|0x0000000787000000, 0x0000000787000000, 0x0000000787100000|  0%| F|  |TAMS 0x0000000787000000, 0x0000000787000000| Untracked 
| 113|0x0000000787100000, 0x00000007871bee40, 0x0000000787200000| 74%| S|CS|TAMS 0x0000000787100000, 0x0000000787100000| Complete 
| 114|0x0000000787200000, 0x0000000787300000, 0x0000000787300000|100%| S|CS|TAMS 0x0000000787200000, 0x0000000787200000| Complete 
| 115|0x0000000787300000, 0x0000000787400000, 0x0000000787400000|100%| S|CS|TAMS 0x0000000787300000, 0x0000000787300000| Complete 
| 116|0x0000000787400000, 0x0000000787480800, 0x0000000787500000| 50%| E|  |TAMS 0x0000000787400000, 0x0000000787400000| Complete 
| 117|0x0000000787500000, 0x0000000787600000, 0x0000000787600000|100%| E|CS|TAMS 0x0000000787500000, 0x0000000787500000| Complete 
| 118|0x0000000787600000, 0x0000000787700000, 0x0000000787700000|100%| E|CS|TAMS 0x0000000787600000, 0x0000000787600000| Complete 
| 119|0x0000000787700000, 0x0000000787800000, 0x0000000787800000|100%| E|CS|TAMS 0x0000000787700000, 0x0000000787700000| Complete 
| 120|0x0000000787800000, 0x0000000787900000, 0x0000000787900000|100%| E|CS|TAMS 0x0000000787800000, 0x0000000787800000| Complete 
| 121|0x0000000787900000, 0x0000000787a00000, 0x0000000787a00000|100%| E|CS|TAMS 0x0000000787900000, 0x0000000787900000| Complete 
| 122|0x0000000787a00000, 0x0000000787b00000, 0x0000000787b00000|100%| E|CS|TAMS 0x0000000787a00000, 0x0000000787a00000| Complete 
| 123|0x0000000787b00000, 0x0000000787c00000, 0x0000000787c00000|100%| E|CS|TAMS 0x0000000787b00000, 0x0000000787b00000| Complete 
| 124|0x0000000787c00000, 0x0000000787d00000, 0x0000000787d00000|100%| E|CS|TAMS 0x0000000787c00000, 0x0000000787c00000| Complete 
| 125|0x0000000787d00000, 0x0000000787e00000, 0x0000000787e00000|100%| E|CS|TAMS 0x0000000787d00000, 0x0000000787d00000| Complete 
| 126|0x0000000787e00000, 0x0000000787f00000, 0x0000000787f00000|100%| E|CS|TAMS 0x0000000787e00000, 0x0000000787e00000| Complete 
| 127|0x0000000787f00000, 0x0000000788000000, 0x0000000788000000|100%| E|CS|TAMS 0x0000000787f00000, 0x0000000787f00000| Complete 

Card table byte_map: [0x000000010973c000,0x0000000109b3c000] _byte_map_base: 0x0000000105b3c000

Marking Bits (Prev, Next): (CMBitMap*) 0x00007fe2c1020a50, (CMBitMap*) 0x00007fe2c1020a18
 Prev Bits: [0x000000010bf3c000, 0x000000010df3c000)
 Next Bits: [0x0000000109f3c000, 0x000000010bf3c000)

Polling page: 0x0000000107b98000

Metaspace:

Usage:
  Non-class:     18.44 MB capacity,    18.24 MB ( 99%) used,   177.61 KB ( <1%) free+waste,    24.88 KB ( <1%) overhead. 
      Class:      2.27 MB capacity,     2.18 MB ( 96%) used,    88.15 KB (  4%) free+waste,     9.88 KB ( <1%) overhead. 
       Both:     20.71 MB capacity,    20.42 MB ( 99%) used,   265.76 KB (  1%) free+waste,    34.75 KB ( <1%) overhead. 

Virtual space:
  Non-class space:       20.00 MB reserved,      18.67 MB ( 93%) committed 
      Class space:        1.00 GB reserved,       2.38 MB ( <1%) committed 
             Both:        1.02 GB reserved,      21.05 MB (  2%) committed 

Chunk freelists:
   Non-Class:  29.00 KB
       Class:  1.25 KB
        Both:  30.25 KB

CodeHeap 'non-profiled nmethods': size=120032Kb used=1081Kb max_used=1081Kb free=118950Kb
 bounds [0x000000011fd23000, 0x000000011ff93000, 0x000000012725b000]
CodeHeap 'profiled nmethods': size=120032Kb used=5895Kb max_used=5895Kb free=114136Kb
 bounds [0x00000001187eb000, 0x0000000118dbb000, 0x000000011fd23000]
CodeHeap 'non-nmethods': size=5696Kb used=1096Kb max_used=1136Kb free=4599Kb
 bounds [0x000000011825b000, 0x00000001184cb000, 0x00000001187eb000]
 total_blobs=3668 nmethods=2762 adapters=319
 compilation: enabled
              stopped_count=0, restarted_count=0
 full_count=0

Compilation events (10 events):
Event: 3.942 Thread 0x00007fe2bf01c800 2796       2       org.apache.maven.model.io.xpp3.MavenXpp3Reader::parsePlugin (506 bytes)
Event: 3.946 Thread 0x00007fe2bf01c800 nmethod 2796 0x0000000118daa010 code [0x0000000118daa500, 0x0000000118dac158]
Event: 3.946 Thread 0x00007fe2bf01c800 2797       1       org.apache.maven.model.ModelBase::setReporting (6 bytes)
Event: 3.946 Thread 0x00007fe2bf01c800 nmethod 2797 0x000000011fe30790 code [0x000000011fe30940, 0x000000011fe30ab0]
Event: 3.946 Thread 0x00007fe2bf01c800 2799       1       org.apache.maven.model.ReportPlugin::setArtifactId (6 bytes)
Event: 3.946 Thread 0x00007fe2bf01c800 nmethod 2799 0x000000011fe30b10 code [0x000000011fe30cc0, 0x000000011fe30e30]
Event: 3.946 Thread 0x00007fe2bf01c800 2798       1       org.apache.maven.model.Model::getPomFile (5 bytes)
Event: 3.946 Thread 0x00007fe2bf01c800 nmethod 2798 0x000000011fe30e90 code [0x000000011fe31040, 0x000000011fe31150]
Event: 3.951 Thread 0x00007fe2bf01c800 2800       1       org.apache.maven.model.ModelBase::setProperties (6 bytes)
Event: 3.951 Thread 0x00007fe2bf01c800 nmethod 2800 0x000000011fe31210 code [0x000000011fe313c0, 0x000000011fe31530]

GC Heap History (10 events):
Event: 1.358 GC heap before
{Heap before GC invocations=0 (full 0):
 garbage-first heap   total 131072K, used 14336K [0x0000000780000000, 0x0000000800000000)
  region size 1024K, 14 young (14336K), 0 survivors (0K)
 Metaspace       used 11372K, capacity 11576K, committed 11776K, reserved 1060864K
  class space    used 1120K, capacity 1199K, committed 1280K, reserved 1048576K
}
Event: 1.364 GC heap after
{Heap after GC invocations=1 (full 0):
 garbage-first heap   total 131072K, used 3400K [0x0000000780000000, 0x0000000800000000)
  region size 1024K, 2 young (2048K), 2 survivors (2048K)
 Metaspace       used 11372K, capacity 11576K, committed 11776K, reserved 1060864K
  class space    used 1120K, capacity 1199K, committed 1280K, reserved 1048576K
}
Event: 1.648 GC heap before
{Heap before GC invocations=1 (full 0):
 garbage-first heap   total 131072K, used 12616K [0x0000000780000000, 0x0000000800000000)
  region size 1024K, 11 young (11264K), 2 survivors (2048K)
 Metaspace       used 12889K, capacity 13121K, committed 13440K, reserved 1060864K
  class space    used 1322K, capacity 1394K, committed 1408K, reserved 1048576K
}
Event: 1.652 GC heap after
{Heap after GC invocations=2 (full 0):
 garbage-first heap   total 131072K, used 3858K [0x0000000780000000, 0x0000000800000000)
  region size 1024K, 1 young (1024K), 1 survivors (1024K)
 Metaspace       used 12889K, capacity 13121K, committed 13440K, reserved 1060864K
  class space    used 1322K, capacity 1394K, committed 1408K, reserved 1048576K
}
Event: 2.368 GC heap before
{Heap before GC invocations=2 (full 0):
 garbage-first heap   total 131072K, used 31506K [0x0000000780000000, 0x0000000800000000)
  region size 1024K, 28 young (28672K), 1 survivors (1024K)
 Metaspace       used 16931K, capacity 17170K, committed 17664K, reserved 1064960K
  class space    used 1836K, capacity 1951K, committed 2048K, reserved 1048576K
}
Event: 2.371 GC heap after
{Heap after GC invocations=3 (full 0):
 garbage-first heap   total 131072K, used 5188K [0x0000000780000000, 0x0000000800000000)
  region size 1024K, 2 young (2048K), 2 survivors (2048K)
 Metaspace       used 16931K, capacity 17170K, committed 17664K, reserved 1064960K
  class space    used 1836K, capacity 1951K, committed 2048K, reserved 1048576K
}
Event: 3.586 GC heap before
{Heap before GC invocations=3 (full 0):
 garbage-first heap   total 131072K, used 56388K [0x0000000780000000, 0x0000000800000000)
  region size 1024K, 52 young (53248K), 2 survivors (2048K)
 Metaspace       used 20443K, capacity 20759K, committed 21120K, reserved 1069056K
  class space    used 2204K, capacity 2325K, committed 2432K, reserved 1048576K
}
Event: 3.604 GC heap after
{Heap after GC invocations=4 (full 0):
 garbage-first heap   total 131072K, used 12267K [0x0000000780000000, 0x0000000800000000)
  region size 1024K, 7 young (7168K), 7 survivors (7168K)
 Metaspace       used 20443K, capacity 20759K, committed 21120K, reserved 1069056K
  class space    used 2204K, capacity 2325K, committed 2432K, reserved 1048576K
}
Event: 3.741 GC heap before
{Heap before GC invocations=4 (full 0):
 garbage-first heap   total 131072K, used 23531K [0x0000000780000000, 0x0000000800000000)
  region size 1024K, 19 young (19456K), 7 survivors (7168K)
 Metaspace       used 20686K, capacity 20954K, committed 21296K, reserved 1069056K
  class space    used 2209K, capacity 2326K, committed 2432K, reserved 1048576K
}
Event: 3.756 GC heap after
{Heap after GC invocations=5 (full 0):
 garbage-first heap   total 131072K, used 13317K [0x0000000780000000, 0x0000000800000000)
  region size 1024K, 3 young (3072K), 3 survivors (3072K)
 Metaspace       used 20686K, capacity 20954K, committed 21296K, reserved 1069056K
  class space    used 2209K, capacity 2326K, committed 2432K, reserved 1048576K
}

Deoptimization events (10 events):
Event: 3.063 Thread 0x00007fe2c0013000 Uncommon trap: reason=unstable_if action=reinterpret pc=0x000000011fd49614 method=java.lang.StringUTF16.compress([CI[BII)I @ 20 c2
Event: 3.150 Thread 0x00007fe2c0013000 Uncommon trap: reason=unstable_if action=reinterpret pc=0x000000011fde06f0 method=org.codehaus.plexus.util.xml.pull.MXParser.nextImpl()I @ 879 c2
Event: 3.251 Thread 0x00007fe2c0013000 Uncommon trap: reason=unstable_if action=reinterpret pc=0x000000011fd3f488 method=java.lang.StringCoding.hasNegatives([BII)Z @ 12 c2
Event: 3.403 Thread 0x00007fe2c0013000 Uncommon trap: reason=unstable_if action=reinterpret pc=0x000000011fde9c58 method=org.codehaus.plexus.util.xml.pull.MXParser.nextImpl()I @ 972 c2
Event: 3.616 Thread 0x00007fe2c0013000 Uncommon trap: reason=bimorphic_or_optimized_type_check action=maybe_recompile pc=0x000000011fdfaa08 method=java.util.regex.Pattern$BmpCharPropertyGreedy.match(Ljava/util/regex/Matcher;ILjava/lang/CharSequence;)Z @ 26 c2
Event: 3.617 Thread 0x00007fe2c0013000 Uncommon trap: reason=bimorphic_or_optimized_type_check action=maybe_recompile pc=0x000000011fdfaa08 method=java.util.regex.Pattern$BmpCharPropertyGreedy.match(Ljava/util/regex/Matcher;ILjava/lang/CharSequence;)Z @ 26 c2
Event: 3.617 Thread 0x00007fe2c0013000 Uncommon trap: reason=bimorphic_or_optimized_type_check action=maybe_recompile pc=0x000000011fdfaa08 method=java.util.regex.Pattern$BmpCharPropertyGreedy.match(Ljava/util/regex/Matcher;ILjava/lang/CharSequence;)Z @ 26 c2
Event: 3.617 Thread 0x00007fe2c0013000 Uncommon trap: reason=bimorphic_or_optimized_type_check action=maybe_recompile pc=0x000000011fdfaa08 method=java.util.regex.Pattern$BmpCharPropertyGreedy.match(Ljava/util/regex/Matcher;ILjava/lang/CharSequence;)Z @ 26 c2
Event: 3.864 Thread 0x00007fe2c0013000 Uncommon trap: reason=unstable_if action=reinterpret pc=0x000000011fdaa770 method=java.util.HashMap.hash(Ljava/lang/Object;)I @ 1 c2
Event: 3.864 Thread 0x00007fe2c0013000 Uncommon trap: reason=unstable_if action=reinterpret pc=0x000000011fd950b8 method=java.util.HashMap.hash(Ljava/lang/Object;)I @ 1 c2

Classes redefined (0 events):
No events

Internal exceptions (7 events):
Event: 0.933 Thread 0x00007fe2c0013000 Exception <a 'java/lang/NoSuchMethodError'{0x00000007879961c8}: java.lang.invoke.DirectMethodHandle$Holder.invokeSpecialIFC(Ljava/lang/Object;Ljava/lang/Object;I)I> (0x00000007879961c8) thrown at [/scratch/mesos/slaves/07fc96ef-bf4d-487f-b22f-a84e49f5f44a
Event: 2.567 Thread 0x00007fe2c0013000 Exception <a 'java/lang/NoClassDefFoundError'{0x0000000787a7f8a8}: com/google/inject/servlet/ServletModuleTargetVisitor> (0x0000000787a7f8a8) thrown at [/scratch/mesos/slaves/07fc96ef-bf4d-487f-b22f-a84e49f5f44a-S132978/frameworks/1735e8a2-a1db-478c-8104-
Event: 2.567 Thread 0x00007fe2c0013000 Exception <a 'java/lang/NoClassDefFoundError'{0x0000000787a7f8a8}> (0x0000000787a7f8a8) thrown at [/scratch/mesos/slaves/07fc96ef-bf4d-487f-b22f-a84e49f5f44a-S132978/frameworks/1735e8a2-a1db-478c-8104-60c8b0af87dd-0196/executors/7fd0d64e-f768-4f47-ab19-0e
Event: 2.567 Thread 0x00007fe2c0013000 Exception <a 'java/lang/NoClassDefFoundError'{0x0000000787a828b8}: javax/annotation/Priority> (0x0000000787a828b8) thrown at [/scratch/mesos/slaves/07fc96ef-bf4d-487f-b22f-a84e49f5f44a-S132978/frameworks/1735e8a2-a1db-478c-8104-60c8b0af87dd-0196/executors
Event: 2.788 Thread 0x00007fe2c0013000 Implicit null exception at 0x000000011fdc010d to 0x000000011fdc0206
Event: 3.864 Thread 0x00007fe2c0013000 Implicit null exception at 0x000000011fdaa575 to 0x000000011fdaa75e
Event: 3.864 Thread 0x00007fe2c0013000 Implicit null exception at 0x000000011fd9502f to 0x000000011fd950a9

Events (10 events):
Event: 3.860 loading class org/apache/maven/repository/internal/DefaultModelResolver$1
Event: 3.860 loading class org/apache/maven/repository/internal/DefaultModelResolver$1 done
Event: 3.863 loading class org/codehaus/plexus/component/repository/ComponentDependency
Event: 3.863 loading class org/codehaus/plexus/component/repository/ComponentDependency done
Event: 3.864 Thread 0x00007fe2c0013000 Uncommon trap: trap_request=0xffffff4d fr.pc=0x000000011fdaa770 relative=0x0000000000000230
Event: 3.864 Thread 0x00007fe2c0013000 DEOPT PACKING pc=0x000000011fdaa770 sp=0x000070000af45870
Event: 3.864 Thread 0x00007fe2c0013000 DEOPT UNPACKING pc=0x00000001182839a5 sp=0x000070000af457c8 mode 2
Event: 3.864 Thread 0x00007fe2c0013000 Uncommon trap: trap_request=0xffffff4d fr.pc=0x000000011fd950b8 relative=0x0000000000000098
Event: 3.864 Thread 0x00007fe2c0013000 DEOPT PACKING pc=0x000000011fd950b8 sp=0x000070000af45810
Event: 3.864 Thread 0x00007fe2c0013000 DEOPT UNPACKING pc=0x00000001182839a5 sp=0x000070000af457c8 mode 2


Dynamic libraries:
0x00007fff2cff1000 	/System/Library/Frameworks/Cocoa.framework/Versions/A/Cocoa
0x00007fff3a807000 	/System/Library/Frameworks/Security.framework/Versions/A/Security
0x00007fff2bf57000 	/System/Library/Frameworks/ApplicationServices.framework/Versions/A/ApplicationServices
0x00007fff6753c000 	/usr/lib/libz.1.dylib
0x00007fff65000000 	/usr/lib/libSystem.B.dylib
0x00007fff2de93000 	/System/Library/Frameworks/CoreFoundation.framework/Versions/A/CoreFoundation
0x00007fff30551000 	/System/Library/Frameworks/Foundation.framework/Versions/C/Foundation
0x00007fff66e60000 	/usr/lib/libobjc.A.dylib
0x00007fff2b147000 	/System/Library/Frameworks/AppKit.framework/Versions/C/AppKit
0x00007fff2d975000 	/System/Library/Frameworks/CoreData.framework/Versions/A/CoreData
0x00007fff5efef000 	/System/Library/PrivateFrameworks/UIFoundation.framework/Versions/A/UIFoundation
0x00007fff5a083000 	/System/Library/PrivateFrameworks/RemoteViewServices.framework/Versions/A/RemoteViewServices
0x00007fff61b70000 	/System/Library/PrivateFrameworks/XCTTargetBootstrap.framework/Versions/A/XCTTargetBootstrap
0x00007fff2dd60000 	/System/Library/Frameworks/CoreDisplay.framework/Versions/A/CoreDisplay
0x00007fff3340c000 	/System/Library/Frameworks/Metal.framework/Versions/A/Metal
0x00007fff48026000 	/System/Library/PrivateFrameworks/DesktopServicesPriv.framework/Versions/A/DesktopServicesPriv
0x00007fff6613b000 	/usr/lib/liblangid.dylib
0x00007fff472bb000 	/System/Library/PrivateFrameworks/CoreSVG.framework/Versions/A/CoreSVG
0x00007fff5d1df000 	/System/Library/PrivateFrameworks/SkyLight.framework/Versions/A/SkyLight
0x00007fff2e315000 	/System/Library/Frameworks/CoreGraphics.framework/Versions/A/CoreGraphics
0x00007fff29b1b000 	/System/Library/Frameworks/Accelerate.framework/Versions/A/Accelerate
0x00007fff6742d000 	/usr/lib/libxml2.2.dylib
0x00007fff52fc8000 	/System/Library/PrivateFrameworks/IconServices.framework/Versions/A/IconServices
0x00007fff30d30000 	/System/Library/Frameworks/IOSurface.framework/Versions/A/IOSurface
0x00007fff64b2a000 	/usr/lib/libDiagnosticMessagesClient.dylib
0x00007fff47e80000 	/System/Library/PrivateFrameworks/DFRFoundation.framework/Versions/A/DFRFoundation
0x00007fff65eca000 	/usr/lib/libicucore.A.dylib
0x00007fff2c289000 	/System/Library/Frameworks/AudioToolbox.framework/Versions/A/AudioToolbox
0x00007fff2c36c000 	/System/Library/Frameworks/AudioUnit.framework/Versions/A/AudioUnit
0x00007fff65202000 	/usr/lib/libauto.dylib
0x00007fff47f22000 	/System/Library/PrivateFrameworks/DataDetectorsCore.framework/Versions/A/DataDetectorsCore
0x00007fff2cb12000 	/System/Library/Frameworks/Carbon.framework/Versions/A/Frameworks/HIToolbox.framework/Versions/A/HIToolbox
0x00007fff39a01000 	/System/Library/Frameworks/QuartzCore.framework/Versions/A/QuartzCore
0x00007fff2ce51000 	/System/Library/Frameworks/Carbon.framework/Versions/A/Frameworks/SpeechRecognition.framework/Versions/A/SpeechRecognition
0x00007fff47994000 	/System/Library/PrivateFrameworks/CoreUI.framework/Versions/A/CoreUI
0x00007fff2d3e0000 	/System/Library/Frameworks/CoreAudio.framework/Versions/A/CoreAudio
0x00007fff30210000 	/System/Library/Frameworks/DiskArbitration.framework/Versions/A/DiskArbitration
0x00007fff5505c000 	/System/Library/PrivateFrameworks/MultitouchSupport.framework/Versions/A/MultitouchSupport
0x00007fff65d91000 	/usr/lib/libenergytrace.dylib
0x00007fff30c8a000 	/System/Library/Frameworks/IOKit.framework/Versions/A/IOKit
0x00007fff2f27c000 	/System/Library/Frameworks/CoreServices.framework/Versions/A/CoreServices
0x00007fff57216000 	/System/Library/PrivateFrameworks/PerformanceAnalysis.framework/Versions/A/PerformanceAnalysis
0x00007fff38a34000 	/System/Library/Frameworks/OpenGL.framework/Versions/A/OpenGL
0x00007fff2cfff000 	/System/Library/Frameworks/ColorSync.framework/Versions/A/ColorSync
0x00007fff2e998000 	/System/Library/Frameworks/CoreImage.framework/Versions/A/CoreImage
0x00007fff2fcef000 	/System/Library/Frameworks/CoreText.framework/Versions/A/CoreText
0x00007fff30dc0000 	/System/Library/Frameworks/ImageIO.framework/Versions/A/ImageIO
0x00007fff652e6000 	/usr/lib/libc++.1.dylib
0x00007fff65362000 	/usr/lib/libcompression.dylib
0x00007fff64e6e000 	/usr/lib/libMobileGestalt.dylib
0x00007fff5ed59000 	/System/Library/PrivateFrameworks/TextureIO.framework/Versions/A/TextureIO
0x00007fff65165000 	/usr/lib/libate.dylib
0x00007fff531d1000 	/System/Library/PrivateFrameworks/InternationalSupport.framework/Versions/A/InternationalSupport
0x00007fff67dfd000 	/usr/lib/system/libcache.dylib
0x00007fff67e03000 	/usr/lib/system/libcommonCrypto.dylib
0x00007fff67e0f000 	/usr/lib/system/libcompiler_rt.dylib
0x00007fff67e17000 	/usr/lib/system/libcopyfile.dylib
0x00007fff67e21000 	/usr/lib/system/libcorecrypto.dylib
0x00007fff67fc0000 	/usr/lib/system/libdispatch.dylib
0x00007fff68001000 	/usr/lib/system/libdyld.dylib
0x00007fff68038000 	/usr/lib/system/libkeymgr.dylib
0x00007fff68046000 	/usr/lib/system/liblaunch.dylib
0x00007fff68047000 	/usr/lib/system/libmacho.dylib
0x00007fff6804d000 	/usr/lib/system/libquarantine.dylib
0x00007fff68050000 	/usr/lib/system/libremovefile.dylib
0x00007fff68052000 	/usr/lib/system/libsystem_asl.dylib
0x00007fff6806a000 	/usr/lib/system/libsystem_blocks.dylib
0x00007fff6806b000 	/usr/lib/system/libsystem_c.dylib
0x00007fff680f3000 	/usr/lib/system/libsystem_configuration.dylib
0x00007fff680f7000 	/usr/lib/system/libsystem_coreservices.dylib
0x00007fff680fb000 	/usr/lib/system/libsystem_darwin.dylib
0x00007fff68104000 	/usr/lib/system/libsystem_dnssd.dylib
0x00007fff6810c000 	/usr/lib/system/libsystem_featureflags.dylib
0x00007fff6810e000 	/usr/lib/system/libsystem_info.dylib
0x00007fff68189000 	/usr/lib/system/libsystem_m.dylib
0x00007fff681d1000 	/usr/lib/system/libsystem_malloc.dylib
0x00007fff681f9000 	/usr/lib/system/libsystem_networkextension.dylib
0x00007fff68207000 	/usr/lib/system/libsystem_notify.dylib
0x00007fff68225000 	/usr/lib/system/libsystem_sandbox.dylib
0x00007fff6822a000 	/usr/lib/system/libsystem_secinit.dylib
0x00007fff6815c000 	/usr/lib/system/libsystem_kernel.dylib
0x00007fff68211000 	/usr/lib/system/libsystem_platform.dylib
0x00007fff6821a000 	/usr/lib/system/libsystem_pthread.dylib
0x00007fff6822d000 	/usr/lib/system/libsystem_symptoms.dylib
0x00007fff68235000 	/usr/lib/system/libsystem_trace.dylib
0x00007fff6824d000 	/usr/lib/system/libunwind.dylib
0x00007fff68253000 	/usr/lib/system/libxpc.dylib
0x00007fff65339000 	/usr/lib/libc++abi.dylib
0x00007fff6613d000 	/usr/lib/liblzma.5.dylib
0x00007fff65db8000 	/usr/lib/libfakelink.dylib
0x00007fff650f2000 	/usr/lib/libarchive.2.dylib
0x00007fff3b8ba000 	/System/Library/Frameworks/SystemConfiguration.framework/Versions/A/SystemConfiguration
0x00007fff64a5d000 	/usr/lib/libCRFSuite.dylib
0x00007fff2c703000 	/System/Library/Frameworks/CFNetwork.framework/Versions/A/CFNetwork
0x00007fff652c8000 	/usr/lib/libbsm.0.dylib
0x00007fff68039000 	/usr/lib/system/libkxld.dylib
0x00007fff417fa000 	/System/Library/PrivateFrameworks/AppleFSCompression.framework/Versions/A/AppleFSCompression
0x00007fff65653000 	/usr/lib/libcoretls.dylib
0x00007fff6566a000 	/usr/lib/libcoretls_cfhelpers.dylib
0x00007fff66ea6000 	/usr/lib/libpam.2.dylib
0x00007fff66fdb000 	/usr/lib/libsqlite3.dylib
0x00007fff6741a000 	/usr/lib/libxar.1.dylib
0x00007fff652d9000 	/usr/lib/libbz2.1.0.dylib
0x00007fff65dd9000 	/usr/lib/libiconv.2.dylib
0x00007fff6534f000 	/usr/lib/libcharset.1.dylib
0x00007fff66943000 	/usr/lib/libnetwork.dylib
0x00007fff66ead000 	/usr/lib/libpcap.A.dylib
0x00007fff650a7000 	/usr/lib/libapple_nghttp2.dylib
0x00007fff2f633000 	/System/Library/Frameworks/CoreServices.framework/Versions/A/Frameworks/FSEvents.framework/Versions/A/FSEvents
0x00007fff2f303000 	/System/Library/Frameworks/CoreServices.framework/Versions/A/Frameworks/CarbonCore.framework/Versions/A/CarbonCore
0x00007fff2f877000 	/System/Library/Frameworks/CoreServices.framework/Versions/A/Frameworks/Metadata.framework/Versions/A/Metadata
0x00007fff2f910000 	/System/Library/Frameworks/CoreServices.framework/Versions/A/Frameworks/OSServices.framework/Versions/A/OSServices
0x00007fff2f93e000 	/System/Library/Frameworks/CoreServices.framework/Versions/A/Frameworks/SearchKit.framework/Versions/A/SearchKit
0x00007fff2f27d000 	/System/Library/Frameworks/CoreServices.framework/Versions/A/Frameworks/AE.framework/Versions/A/AE
0x00007fff2f63c000 	/System/Library/Frameworks/CoreServices.framework/Versions/A/Frameworks/LaunchServices.framework/Versions/A/LaunchServices
0x00007fff2f5e5000 	/System/Library/Frameworks/CoreServices.framework/Versions/A/Frameworks/DictionaryServices.framework/Versions/A/DictionaryServices
0x00007fff2f9a6000 	/System/Library/Frameworks/CoreServices.framework/Versions/A/Frameworks/SharedFileList.framework/Versions/A/SharedFileList
0x00007fff34853000 	/System/Library/Frameworks/NetFS.framework/Versions/A/NetFS
0x00007fff5558c000 	/System/Library/PrivateFrameworks/NetAuth.framework/Versions/A/NetAuth
0x00007fff61f3d000 	/System/Library/PrivateFrameworks/login.framework/Versions/A/Frameworks/loginsupport.framework/Versions/A/loginsupport
0x00007fff5e824000 	/System/Library/PrivateFrameworks/TCC.framework/Versions/A/TCC
0x00007fff4642e000 	/System/Library/PrivateFrameworks/CoreNLP.framework/Versions/A/CoreNLP
0x00007fff54a45000 	/System/Library/PrivateFrameworks/MetadataUtilities.framework/Versions/A/MetadataUtilities
0x00007fff66215000 	/usr/lib/libmecabra.dylib
0x00007fff6616d000 	/usr/lib/libmecab.dylib
0x00007fff65dc9000 	/usr/lib/libgermantok.dylib
0x00007fff6508e000 	/usr/lib/libThaiTokenizer.dylib
0x00007fff64a94000 	/usr/lib/libChineseTokenizer.dylib
0x00007fff29b33000 	/System/Library/Frameworks/Accelerate.framework/Versions/A/Frameworks/vImage.framework/Versions/A/vImage
0x00007fff2af9d000 	/System/Library/Frameworks/Accelerate.framework/Versions/A/Frameworks/vecLib.framework/Versions/A/vecLib
0x00007fff2aeda000 	/System/Library/Frameworks/Accelerate.framework/Versions/A/Frameworks/vecLib.framework/Versions/A/libvMisc.dylib
0x00007fff2ad02000 	/System/Library/Frameworks/Accelerate.framework/Versions/A/Frameworks/vecLib.framework/Versions/A/libvDSP.dylib
0x00007fff2a18a000 	/System/Library/Frameworks/Accelerate.framework/Versions/A/Frameworks/vecLib.framework/Versions/A/libBLAS.dylib
0x00007fff2a8c6000 	/System/Library/Frameworks/Accelerate.framework/Versions/A/Frameworks/vecLib.framework/Versions/A/libLAPACK.dylib
0x00007fff2ac62000 	/System/Library/Frameworks/Accelerate.framework/Versions/A/Frameworks/vecLib.framework/Versions/A/libLinearAlgebra.dylib
0x00007fff2acef000 	/System/Library/Frameworks/Accelerate.framework/Versions/A/Frameworks/vecLib.framework/Versions/A/libSparseBLAS.dylib
0x00007fff2ac78000 	/System/Library/Frameworks/Accelerate.framework/Versions/A/Frameworks/vecLib.framework/Versions/A/libQuadrature.dylib
0x00007fff2a3f2000 	/System/Library/Frameworks/Accelerate.framework/Versions/A/Frameworks/vecLib.framework/Versions/A/libBNNS.dylib
0x00007fff2ac7e000 	/System/Library/Frameworks/Accelerate.framework/Versions/A/Frameworks/vecLib.framework/Versions/A/libSparse.dylib
0x00007fff535b9000 	/System/Library/PrivateFrameworks/LanguageModeling.framework/Versions/A/LanguageModeling
0x00007fff45ddd000 	/System/Library/PrivateFrameworks/CoreEmoji.framework/Versions/A/CoreEmoji
0x00007fff536d7000 	/System/Library/PrivateFrameworks/LinguisticData.framework/Versions/A/LinguisticData
0x00007fff53688000 	/System/Library/PrivateFrameworks/Lexicon.framework/Versions/A/Lexicon
0x00007fff65350000 	/usr/lib/libcmph.dylib
0x00007fff37442000 	/System/Library/Frameworks/OpenDirectory.framework/Versions/A/Frameworks/CFOpenDirectory.framework/Versions/A/CFOpenDirectory
0x00007fff3745f000 	/System/Library/Frameworks/OpenDirectory.framework/Versions/A/OpenDirectory
0x00007fff3f8a4000 	/System/Library/PrivateFrameworks/APFS.framework/Versions/A/APFS
0x00007fff3ab53000 	/System/Library/Frameworks/SecurityFoundation.framework/Versions/A/SecurityFoundation
0x00007fff67416000 	/usr/lib/libutil.dylib
0x00007fff47313000 	/System/Library/PrivateFrameworks/CoreServicesStore.framework/Versions/A/CoreServicesStore
0x00007fff3ac0a000 	/System/Library/Frameworks/ServiceManagement.framework/Versions/A/ServiceManagement
0x00007fff42fcb000 	/System/Library/PrivateFrameworks/BackgroundTaskManagement.framework/Versions/A/BackgroundTaskManagement
0x00007fff67513000 	/usr/lib/libxslt.1.dylib
0x00007fff41e6d000 	/System/Library/PrivateFrameworks/AppleSystemInfo.framework/Versions/A/AppleSystemInfo
0x00007fff30fdd000 	/System/Library/Frameworks/ImageIO.framework/Versions/A/Resources/libJPEG.dylib
0x00007fff3129a000 	/System/Library/Frameworks/ImageIO.framework/Versions/A/Resources/libTIFF.dylib
0x00007fff3127d000 	/System/Library/Frameworks/ImageIO.framework/Versions/A/Resources/libPng.dylib
0x00007fff30f1f000 	/System/Library/Frameworks/ImageIO.framework/Versions/A/Resources/libGIF.dylib
0x00007fff30f23000 	/System/Library/Frameworks/ImageIO.framework/Versions/A/Resources/libJP2.dylib
0x00007fff31298000 	/System/Library/Frameworks/ImageIO.framework/Versions/A/Resources/libRadiance.dylib
0x00007fff65d92000 	/usr/lib/libexpat.1.dylib
0x00007fff41955000 	/System/Library/PrivateFrameworks/AppleJPEG.framework/Versions/A/AppleJPEG
0x00007fff4a629000 	/System/Library/PrivateFrameworks/FontServices.framework/libFontParser.dylib
0x00007fff60f3f000 	/System/Library/PrivateFrameworks/WatchdogClient.framework/Versions/A/WatchdogClient
0x00007fff52c14000 	/System/Library/PrivateFrameworks/IOAccelerator.framework/Versions/A/IOAccelerator
0x00007fff337a7000 	/System/Library/Frameworks/MetalPerformanceShaders.framework/Versions/A/MetalPerformanceShaders
0x00007fff4f3a4000 	/System/Library/PrivateFrameworks/GPUWrangler.framework/Versions/A/GPUWrangler
0x00007fff52c29000 	/System/Library/PrivateFrameworks/IOPresentment.framework/Versions/A/IOPresentment
0x00007fff47e93000 	/System/Library/PrivateFrameworks/DSExternalDisplay.framework/Versions/A/DSExternalDisplay
0x00007fff37dd3000 	/System/Library/Frameworks/OpenGL.framework/Versions/A/Libraries/libCoreFSCache.dylib
0x00007fff334f3000 	/System/Library/Frameworks/MetalPerformanceShaders.framework/Frameworks/MPSCore.framework/Versions/A/MPSCore
0x00007fff33531000 	/System/Library/Frameworks/MetalPerformanceShaders.framework/Frameworks/MPSImage.framework/Versions/A/MPSImage
0x00007fff335f8000 	/System/Library/Frameworks/MetalPerformanceShaders.framework/Frameworks/MPSNeuralNetwork.framework/Versions/A/MPSNeuralNetwork
0x00007fff335bc000 	/System/Library/Frameworks/MetalPerformanceShaders.framework/Frameworks/MPSMatrix.framework/Versions/A/MPSMatrix
0x00007fff33757000 	/System/Library/Frameworks/MetalPerformanceShaders.framework/Frameworks/MPSRayIntersector.framework/Versions/A/MPSRayIntersector
0x00007fff335e2000 	/System/Library/Frameworks/MetalPerformanceShaders.framework/Frameworks/MPSNDArray.framework/Versions/A/MPSNDArray
0x00007fff54a92000 	/System/Library/PrivateFrameworks/MetalTools.framework/Versions/A/MetalTools
0x00007fff40a7e000 	/System/Library/PrivateFrameworks/AggregateDictionary.framework/Versions/A/AggregateDictionary
0x00007fff45825000 	/System/Library/PrivateFrameworks/CoreAnalytics.framework/Versions/A/CoreAnalytics
0x00007fff41d8c000 	/System/Library/PrivateFrameworks/AppleSauce.framework/Versions/A/AppleSauce
0x00007fff64d50000 	/usr/lib/libIOReport.dylib
0x00007fff2fea7000 	/System/Library/Frameworks/CoreVideo.framework/Versions/A/CoreVideo
0x00007fff5081d000 	/System/Library/PrivateFrameworks/GraphVisualizer.framework/Versions/A/GraphVisualizer
0x00007fff49b6f000 	/System/Library/PrivateFrameworks/FaceCore.framework/Versions/A/FaceCore
0x00007fff373e9000 	/System/Library/Frameworks/OpenCL.framework/Versions/A/OpenCL
0x00007fff64b72000 	/usr/lib/libFosl_dynamic.dylib
0x00007fff55fad000 	/System/Library/PrivateFrameworks/OTSVG.framework/Versions/A/OTSVG
0x00007fff2c05c000 	/System/Library/Frameworks/ApplicationServices.framework/Versions/A/Frameworks/ATS.framework/Versions/A/Resources/libFontRegistry.dylib
0x00007fff4a7f8000 	/System/Library/PrivateFrameworks/FontServices.framework/libhvf.dylib
0x00007fff37dde000 	/System/Library/Frameworks/OpenGL.framework/Versions/A/Libraries/libGFXShared.dylib
0x00007fff37fbc000 	/System/Library/Frameworks/OpenGL.framework/Versions/A/Libraries/libGLU.dylib
0x00007fff37de7000 	/System/Library/Frameworks/OpenGL.framework/Versions/A/Libraries/libGL.dylib
0x00007fff37df2000 	/System/Library/Frameworks/OpenGL.framework/Versions/A/Libraries/libGLImage.dylib
0x00007fff37dd0000 	/System/Library/Frameworks/OpenGL.framework/Versions/A/Libraries/libCVMSPluginSupport.dylib
0x00007fff37dd9000 	/System/Library/Frameworks/OpenGL.framework/Versions/A/Libraries/libCoreVMClient.dylib
0x00007fff667e4000 	/usr/lib/libncurses.5.4.dylib
0x00007fff2bf58000 	/System/Library/Frameworks/ApplicationServices.framework/Versions/A/Frameworks/ATS.framework/Versions/A/ATS
0x00007fff2c125000 	/System/Library/Frameworks/ApplicationServices.framework/Versions/A/Frameworks/ColorSyncLegacy.framework/Versions/A/ColorSyncLegacy
0x00007fff2c1c3000 	/System/Library/Frameworks/ApplicationServices.framework/Versions/A/Frameworks/HIServices.framework/Versions/A/HIServices
0x00007fff2c21b000 	/System/Library/Frameworks/ApplicationServices.framework/Versions/A/Frameworks/LangAnalysis.framework/Versions/A/LangAnalysis
0x00007fff2c22a000 	/System/Library/Frameworks/ApplicationServices.framework/Versions/A/Frameworks/PrintCore.framework/Versions/A/PrintCore
0x00007fff2c270000 	/System/Library/Frameworks/ApplicationServices.framework/Versions/A/Frameworks/QD.framework/Versions/A/QD
0x00007fff2c27b000 	/System/Library/Frameworks/ApplicationServices.framework/Versions/A/Frameworks/SpeechSynthesis.framework/Versions/A/SpeechSynthesis
0x00007fff2c0f5000 	/System/Library/Frameworks/ApplicationServices.framework/Versions/A/Frameworks/ATSUI.framework/Versions/A/ATSUI
0x00007fff65c28000 	/usr/lib/libcups.2.dylib
0x00007fff32842000 	/System/Library/Frameworks/Kerberos.framework/Versions/A/Kerberos
0x00007fff30983000 	/System/Library/Frameworks/GSS.framework/Versions/A/GSS
0x00007fff66f67000 	/usr/lib/libresolv.9.dylib
0x00007fff509ca000 	/System/Library/PrivateFrameworks/Heimdal.framework/Versions/A/Heimdal
0x00007fff32855000 	/System/Library/Frameworks/Kerberos.framework/Versions/A/Libraries/libHeimdalProxy.dylib
0x00007fff65dcf000 	/usr/lib/libheimdal-asn1.dylib
0x00007fff44cbd000 	/System/Library/PrivateFrameworks/CommonAuth.framework/Versions/A/CommonAuth
0x00007fff41f0a000 	/System/Library/PrivateFrameworks/AssertionServices.framework/Versions/A/AssertionServices
0x00007fff42aad000 	/System/Library/PrivateFrameworks/AudioToolboxCore.framework/Versions/A/AudioToolboxCore
0x00007fff61bed000 	/System/Library/PrivateFrameworks/caulk.framework/Versions/A/caulk
0x00007fff43077000 	/System/Library/PrivateFrameworks/BaseBoard.framework/Versions/A/BaseBoard
0x00007fff5a211000 	/System/Library/PrivateFrameworks/RunningBoardServices.framework/Versions/A/RunningBoardServices
0x00007fff57222000 	/System/Library/PrivateFrameworks/PersistentConnection.framework/Versions/A/PersistentConnection
0x00007fff59c0a000 	/System/Library/PrivateFrameworks/ProtocolBuffer.framework/Versions/A/ProtocolBuffer
0x00007fff44ce1000 	/System/Library/PrivateFrameworks/CommonUtilities.framework/Versions/A/CommonUtilities
0x00007fff43205000 	/System/Library/PrivateFrameworks/Bom.framework/Versions/A/Bom
0x00007fff64a23000 	/usr/lib/libAudioToolboxUtility.dylib
0x00007fff42fd5000 	/System/Library/PrivateFrameworks/Backup.framework/Versions/A/Backup
0x00007fff47db4000 	/System/Library/PrivateFrameworks/CrashReporterSupport.framework/Versions/A/CrashReporterSupport
0x00007fff5bca3000 	/System/Library/PrivateFrameworks/Sharing.framework/Versions/A/Sharing
0x00007fff41518000 	/System/Library/PrivateFrameworks/Apple80211.framework/Versions/A/Apple80211
0x00007fff42cf2000 	/System/Library/PrivateFrameworks/AuthKit.framework/Versions/A/AuthKit
0x00007fff47ac1000 	/System/Library/PrivateFrameworks/CoreUtils.framework/Versions/A/CoreUtils
0x00007fff2feec000 	/System/Library/Frameworks/CoreWLAN.framework/Versions/A/CoreWLAN
0x00007fff30b10000 	/System/Library/Frameworks/IOBluetooth.framework/Versions/A/IOBluetooth
0x00007fff54ddb000 	/System/Library/PrivateFrameworks/MobileKeyBag.framework/Versions/A/MobileKeyBag
0x00007fff468c6000 	/System/Library/PrivateFrameworks/CorePhoneNumbers.framework/Versions/A/CorePhoneNumbers
0x00007fff41908000 	/System/Library/PrivateFrameworks/AppleIDAuthSupport.framework/Versions/A/AppleIDAuthSupport
0x00007fff34860000 	/System/Library/Frameworks/Network.framework/Versions/A/Network
0x00007fff53465000 	/System/Library/PrivateFrameworks/KeychainCircle.framework/Versions/A/KeychainCircle
0x00007fff2d93c000 	/System/Library/Frameworks/CoreBluetooth.framework/Versions/A/CoreBluetooth
0x00007fff5dd22000 	/System/Library/PrivateFrameworks/SpeechRecognitionCore.framework/Versions/A/SpeechRecognitionCore
0x0000000108400000 	/Library/Java/JavaVirtualMachines/jdk-11.0.3.jdk/Contents/Home/lib/server/libjvm.dylib
0x0000000107b5e000 	/Library/Java/JavaVirtualMachines/jdk-11.0.3.jdk/Contents/Home/lib/libverify.dylib
0x0000000107b6a000 	/Library/Java/JavaVirtualMachines/jdk-11.0.3.jdk/Contents/Home/lib/libjava.dylib
0x0000000107b9a000 	/Library/Java/JavaVirtualMachines/jdk-11.0.3.jdk/Contents/Home/lib/libinstrument.dylib
0x0000000109152000 	/Library/Java/JavaVirtualMachines/jdk-11.0.3.jdk/Contents/Home/lib/libzip.dylib
0x0000000107bf9000 	/Library/Java/JavaVirtualMachines/jdk-11.0.3.jdk/Contents/Home/lib/libjimage.dylib
0x000000010e790000 	/Library/Java/JavaVirtualMachines/jdk-11.0.3.jdk/Contents/Home/lib/libnio.dylib
0x000000010e79e000 	/Library/Java/JavaVirtualMachines/jdk-11.0.3.jdk/Contents/Home/lib/libnet.dylib
0x000000010e7b2000 	/Library/Java/JavaVirtualMachines/jdk-11.0.3.jdk/Contents/Home/lib/libextnet.dylib


VM Arguments:
jvm_args: -Dmaven.multiModuleProjectDirectory=/Users/mathiazhagansampath/Downloads/spring-boot-app -Dmaven.home=/Applications/IntelliJ IDEA CE.app/Contents/plugins/maven/lib/maven3 -Dclassworlds.conf=/Applications/IntelliJ IDEA CE.app/Contents/plugins/maven/lib/maven3/bin/m2.conf -javaagent:/Applications/IntelliJ IDEA CE.app/Contents/lib/idea_rt.jar=60846:/Applications/IntelliJ IDEA CE.app/Contents/bin -Dfile.encoding=UTF-8 
java_command: org.codehaus.classworlds.Launcher -Didea.version2019.1.3 clean install -DskipTests
java_class_path (initial): /Applications/IntelliJ IDEA CE.app/Contents/plugins/maven/lib/maven3/boot/plexus-classworlds-2.5.2.jar
Launcher Type: SUN_STANDARD

[Global flags]
     intx CICompilerCount                          = 3                                         {product} {ergonomic}
     uint ConcGCThreads                            = 1                                         {product} {ergonomic}
     uint G1ConcRefinementThreads                  = 4                                         {product} {ergonomic}
   size_t G1HeapRegionSize                         = 1048576                                   {product} {ergonomic}
    uintx GCDrainStackTargetSize                   = 64                                        {product} {ergonomic}
   size_t InitialHeapSize                          = 134217728                                 {product} {ergonomic}
   size_t MarkStackSize                            = 4194304                                   {product} {ergonomic}
   size_t MaxHeapSize                              = 2147483648                                {product} {ergonomic}
   size_t MaxNewSize                               = 1287651328                                {product} {ergonomic}
   size_t MinHeapDeltaBytes                        = 1048576                                   {product} {ergonomic}
    uintx NonNMethodCodeHeapSize                   = 5830092                                {pd product} {ergonomic}
    uintx NonProfiledCodeHeapSize                  = 122914074                              {pd product} {ergonomic}
    uintx ProfiledCodeHeapSize                     = 122914074                              {pd product} {ergonomic}
    uintx ReservedCodeCacheSize                    = 251658240                              {pd product} {ergonomic}
     bool SegmentedCodeCache                       = true                                      {product} {ergonomic}
     bool UseCompressedClassPointers               = true                                 {lp64_product} {ergonomic}
     bool UseCompressedOops                        = true                                 {lp64_product} {ergonomic}
     bool UseG1GC                                  = true                                      {product} {ergonomic}

Logging:
Log output configuration:
 #0: stdout all=warning uptime,level,tags
 #1: stderr all=off uptime,level,tags

Environment Variables:
JAVA_HOME=/Library/Java/JavaVirtualMachines/jdk-11.0.3.jdk/Contents/Home
PATH=/Users/mathiazhagansampath/anaconda3/bin:/Users/mathiazhagansampath/anaconda3/condabin:/anaconda2/bin:/usr/local/bin:/usr/bin:/bin:/usr/sbin:/sbin:/Applications/VMware Fusion.app/Contents/Public:/Library/TeX/texbin:/usr/local/share/dotnet:~/.dotnet/tools:/Library/Frameworks/Mono.framework/Versions/Current/Commands:/usr/local/Cellar/hadoop/3.1.2/sbin:/usr/local/Cellar/hadoop/3.1.2/bin:/usr/local/mysql/bin/
SHELL=/bin/bash

Signal Handlers:
SIGSEGV: [libjvm.dylib+0x740f70], sa_mask[0]=11111111011111110111111111111111, sa_flags=SA_ONSTACK|SA_RESTART|SA_SIGINFO
SIGBUS: [libjvm.dylib+0x740f70], sa_mask[0]=11111111011111110111111111111111, sa_flags=SA_RESTART|SA_SIGINFO
SIGFPE: [libjvm.dylib+0x740f70], sa_mask[0]=11111111011111110111111111111111, sa_flags=SA_RESTART|SA_SIGINFO
SIGPIPE: [libjvm.dylib+0x5f3c5e], sa_mask[0]=11111111011111110111111111111111, sa_flags=SA_RESTART|SA_SIGINFO
SIGXFSZ: [libjvm.dylib+0x5f3c5e], sa_mask[0]=11111111011111110111111111111111, sa_flags=SA_RESTART|SA_SIGINFO
SIGILL: [libjvm.dylib+0x740f70], sa_mask[0]=11111111011111110111111111111111, sa_flags=SA_RESTART|SA_SIGINFO
SIGUSR2: [libjvm.dylib+0x5f4243], sa_mask[0]=00100000000000000000000000000000, sa_flags=SA_RESTART|SA_SIGINFO
SIGHUP: [libjvm.dylib+0x5f2c9f], sa_mask[0]=11111111011111110111111111111111, sa_flags=SA_RESTART|SA_SIGINFO
SIGINT: [libjvm.dylib+0x5f2c9f], sa_mask[0]=11111111011111110111111111111111, sa_flags=SA_RESTART|SA_SIGINFO
SIGTERM: [libjvm.dylib+0x5f2c9f], sa_mask[0]=11111111011111110111111111111111, sa_flags=SA_RESTART|SA_SIGINFO
SIGQUIT: [libjvm.dylib+0x5f2c9f], sa_mask[0]=11111111011111110111111111111111, sa_flags=SA_RESTART|SA_SIGINFO


---------------  S Y S T E M  ---------------

OS:uname:Darwin 19.6.0 Darwin Kernel Version 19.6.0: Thu May  6 00:48:39 PDT 2021; root:xnu-6153.141.33~1/RELEASE_X86_64 x86_64
rlimit: STACK 8192k, CORE 0k, NPROC 1392, NOFILE 10240, AS infinity, DATA infinity, FSIZE infinity
load average:2.93 3.62 4.01

CPU:total 4 (initial active 4) (2 cores per cpu, 2 threads per core) family 6 model 78 stepping 3, cmov, cx8, fxsr, mmx, sse, sse2, sse3, ssse3, sse4.1, sse4.2, popcnt, avx, avx2, aes, clmul, erms, rtm, 3dnowpref, lzcnt, ht, tsc, tscinvbit, bmi1, bmi2, adx, fma

Memory: 4k page, physical 8388608k(292352k free)

vm_info: Java HotSpot(TM) 64-Bit Server VM (11.0.3+12-LTS) for bsd-amd64 JRE (11.0.3+12-LTS), built on Apr  2 2019 19:33:35 by "mach5one" with gcc 4.2.1 Compatible Apple LLVM 9.1.0 (clang-902.0.39.2)

END.
